which: no hadoop in (/opt/mvapich2/intel/ib/bin:/opt/intel/2018.1.163/compilers_and_libraries_2018.1.163/linux/bin/intel64:/usr/lib64/qt-3.3/bin:/usr/local/bin:/bin:/usr/bin:/usr/bin:/usr/local/sbin:/usr/sbin:/opt/sdsc/bin:/opt/sdsc/sbin:/opt/ibutils/bin:/opt/pdsh/bin:/opt/rocks/bin:/opt/rocks/sbin:/home/sxv5264/bin)
20/04/16 21:42:36 INFO pig.ExecTypeProvider: Trying ExecType : LOCAL
20/04/16 21:42:36 INFO pig.ExecTypeProvider: Picked LOCAL as the ExecType
2020-04-16 21:42:36,527 [main] INFO  org.apache.pig.Main - Apache Pig version 0.16.0 (r1746530) compiled Jun 01 2016, 23:09:59
2020-04-16 21:42:36,527 [main] INFO  org.apache.pig.Main - Logging error messages to: /home/sxv5264/project6/pig_1587098556524.log
2020-04-16 21:42:36,715 [main] INFO  org.apache.pig.impl.util.Utils - Default bootup file /home/sxv5264/.pigbootup not found
2020-04-16 21:42:36,884 [main] INFO  org.apache.pig.backend.hadoop.executionengine.HExecutionEngine - Connecting to hadoop file system at: file:///
2020-04-16 21:42:36,917 [main] INFO  org.apache.pig.PigServer - Pig Script ID for the session:
2020-04-16 21:42:36,917 [main] WARN  org.apache.pig.PigServer - ATS is disabled since yarn.timeline-service.enabled set to false
2020-04-16 21:42:37,669 [main] INFO  org.apache.pig.tools.pigstats.ScriptState - Pig features used in the script: GROUP_BY,UNION
2020-04-16 21:42:37,829 [main] INFO  org.apache.pig.newplan.logical.optimizer.LogicalPlanOptimizer - {RULES_ENABLED=[AddForEach, ColumnMapKeyPrune, ConstantCalculator, GroupByConstParallelSetter, LimitOptimizer, LoadTypeCastInserter, MergeFilter, MergeForEach, PartitionFilterOptimizer, PredicatePushdownOptimizer, PushDownForEachFlatten, PushUpFilter, SplitFilter, StreamTypeCastInserter]}
2020-04-16 21:42:37,910 [main] INFO  org.apache.pig.impl.util.SpillableMemoryManager - Selected heap (Tenured Gen) of size 699072512 to monitor. collectionUsageThreshold = 489350752, usageThreshold = 489350752
2020-04-16 21:42:37,933 [main] WARN  org.apache.hadoop.util.NativeCodeLoader - Unable to load native-hadoop library for your platform... using builtin-java classes where applicable
2020-04-16 21:42:37,965 [main] INFO  org.apache.pig.backend.hadoop.executionengine.mapReduceLayer.MRCompiler - File concatenation threshold: 100 optimistic? false
2020-04-16 21:42:37,984 [main] INFO  org.apache.pig.backend.hadoop.executionengine.util.CombinerOptimizerUtil - Choosing to move algebraic foreach to combiner
2020-04-16 21:42:37,989 [main] INFO  org.apache.pig.backend.hadoop.executionengine.util.CombinerOptimizerUtil - Choosing to move algebraic foreach to combiner
2020-04-16 21:42:37,993 [main] INFO  org.apache.pig.backend.hadoop.executionengine.util.CombinerOptimizerUtil - Choosing to move algebraic foreach to combiner
2020-04-16 21:42:38,030 [main] INFO  org.apache.pig.backend.hadoop.executionengine.mapReduceLayer.MultiQueryOptimizer - MR plan size before optimization: 5
2020-04-16 21:42:38,031 [main] INFO  org.apache.pig.backend.hadoop.executionengine.mapReduceLayer.MultiQueryOptimizer - Merged MR job 82 into MR job 79
2020-04-16 21:42:38,032 [main] INFO  org.apache.pig.backend.hadoop.executionengine.mapReduceLayer.MultiQueryOptimizer - Merged MR job 84 into MR job 79
2020-04-16 21:42:38,032 [main] INFO  org.apache.pig.backend.hadoop.executionengine.mapReduceLayer.MultiQueryOptimizer - Merged MR job 86 into MR job 79
2020-04-16 21:42:38,032 [main] INFO  org.apache.pig.backend.hadoop.executionengine.mapReduceLayer.MultiQueryOptimizer - Requested parallelism of splitter: -1
2020-04-16 21:42:38,032 [main] INFO  org.apache.pig.backend.hadoop.executionengine.mapReduceLayer.MultiQueryOptimizer - Merged 3 map-reduce splittees.
2020-04-16 21:42:38,033 [main] INFO  org.apache.pig.backend.hadoop.executionengine.mapReduceLayer.MultiQueryOptimizer - Merged 3 out of total 4 MR operators.
2020-04-16 21:42:38,033 [main] INFO  org.apache.pig.backend.hadoop.executionengine.mapReduceLayer.MultiQueryOptimizer - MR plan size after optimization: 2
2020-04-16 21:42:38,108 [main] INFO  org.apache.pig.tools.pigstats.mapreduce.MRScriptState - Pig script settings are added to the job
2020-04-16 21:42:38,133 [main] INFO  org.apache.pig.backend.hadoop.executionengine.mapReduceLayer.JobControlCompiler - mapred.job.reduce.markreset.buffer.percent is not set, set to default 0.3
2020-04-16 21:42:38,135 [main] INFO  org.apache.pig.backend.hadoop.executionengine.mapReduceLayer.JobControlCompiler - Reduce phase detected, estimating # of required reducers.
2020-04-16 21:42:38,136 [main] INFO  org.apache.pig.backend.hadoop.executionengine.mapReduceLayer.JobControlCompiler - Using reducer estimator: org.apache.pig.backend.hadoop.executionengine.mapReduceLayer.InputSizeReducerEstimator
2020-04-16 21:42:38,139 [main] INFO  org.apache.pig.backend.hadoop.executionengine.mapReduceLayer.InputSizeReducerEstimator - BytesPerReducer=1000000000 maxReducers=999 totalInputFileSize=1062
2020-04-16 21:42:38,139 [main] INFO  org.apache.pig.backend.hadoop.executionengine.mapReduceLayer.JobControlCompiler - Setting Parallelism to 1
2020-04-16 21:42:38,160 [main] INFO  org.apache.pig.backend.hadoop.executionengine.mapReduceLayer.JobControlCompiler - Setting up multi store job
2020-04-16 21:42:38,165 [main] INFO  org.apache.pig.data.SchemaTupleFrontend - Key [pig.schematuple] is false, will not generate code.
2020-04-16 21:42:38,166 [main] INFO  org.apache.pig.data.SchemaTupleFrontend - Starting process to move generated code to distributed cacche
2020-04-16 21:42:38,166 [main] INFO  org.apache.pig.data.SchemaTupleFrontend - Distributed cache not supported or needed in local mode. Setting key [pig.schematuple.local.dir] with code temp directory: /tmp/1587098558165-0
2020-04-16 21:42:38,327 [main] INFO  org.apache.pig.backend.hadoop.executionengine.mapReduceLayer.MapReduceLauncher - 1 map-reduce job(s) waiting for submission.
2020-04-16 21:42:38,366 [JobControl] WARN  org.apache.hadoop.mapred.JobClient - No job jar file set.  User classes may not be found. See JobConf(Class) or JobConf#setJar(String).
2020-04-16 21:42:38,389 [JobControl] INFO  org.apache.pig.builtin.PigStorage - Using PigTextInputFormat
2020-04-16 21:42:38,390 [JobControl] INFO  org.apache.hadoop.mapreduce.lib.input.FileInputFormat - Total input paths to process : 1
2020-04-16 21:42:38,390 [JobControl] INFO  org.apache.pig.backend.hadoop.executionengine.util.MapRedUtil - Total input paths to process : 1
2020-04-16 21:42:38,398 [JobControl] WARN  org.apache.hadoop.io.compress.snappy.LoadSnappy - Snappy native library is available
2020-04-16 21:42:38,398 [JobControl] WARN  org.apache.hadoop.io.compress.snappy.LoadSnappy - Snappy native library not loaded
2020-04-16 21:42:38,401 [JobControl] INFO  org.apache.pig.backend.hadoop.executionengine.util.MapRedUtil - Total input paths (combined) to process : 1
2020-04-16 21:42:38,748 [Thread-3] INFO  org.apache.hadoop.util.ProcessTree - setsid exited with exit code 0
2020-04-16 21:42:38,752 [Thread-3] INFO  org.apache.hadoop.mapred.Task -  Using ResourceCalculatorPlugin : org.apache.hadoop.util.LinuxResourceCalculatorPlugin@28207ceb
2020-04-16 21:42:38,775 [Thread-3] INFO  org.apache.pig.builtin.PigStorage - Using PigTextInputFormat
2020-04-16 21:42:38,776 [Thread-3] INFO  org.apache.pig.backend.hadoop.executionengine.mapReduceLayer.PigRecordReader - Current split being processed file:/home/sxv5264/project6/pixels-small.txt:0+1062
2020-04-16 21:42:38,787 [Thread-3] INFO  org.apache.hadoop.mapred.MapTask - io.sort.mb = 100
2020-04-16 21:42:38,840 [main] INFO  org.apache.pig.backend.hadoop.executionengine.mapReduceLayer.MapReduceLauncher - HadoopJobId: job_local_0001
2020-04-16 21:42:38,840 [main] INFO  org.apache.pig.backend.hadoop.executionengine.mapReduceLayer.MapReduceLauncher - Processing aliases a1,b1,b2,b3,c1,c2,c3,d1,d2,d3
2020-04-16 21:42:38,840 [main] INFO  org.apache.pig.backend.hadoop.executionengine.mapReduceLayer.MapReduceLauncher - detailed locations: M: a1[1,5],a1[-1,-1],b1[2,5],d1[8,5],c1[5,5],b2[3,5],d2[9,5],c2[6,5],b3[4,5],d3[10,5],c3[7,5] C: d1[8,5],c1[5,5],d2[9,5],c2[6,5],d3[10,5],c3[7,5] R: d1[8,5],d2[9,5],d3[10,5]
2020-04-16 21:42:38,842 [main] INFO  org.apache.pig.backend.hadoop.executionengine.mapReduceLayer.MapReduceLauncher - 0% complete
2020-04-16 21:42:38,842 [main] INFO  org.apache.pig.backend.hadoop.executionengine.mapReduceLayer.MapReduceLauncher - Running jobs are [job_local_0001]
2020-04-16 21:42:38,865 [Thread-3] INFO  org.apache.hadoop.mapred.MapTask - data buffer = 79691776/99614720
2020-04-16 21:42:38,865 [Thread-3] INFO  org.apache.hadoop.mapred.MapTask - record buffer = 262144/327680
2020-04-16 21:42:38,883 [Thread-3] INFO  org.apache.pig.impl.util.SpillableMemoryManager - Selected heap (Tenured Gen) of size 699072512 to monitor. collectionUsageThreshold = 489350752, usageThreshold = 489350752
2020-04-16 21:42:38,884 [Thread-3] INFO  org.apache.pig.data.SchemaTupleBackend - Key [pig.schematuple] was not set... will not generate code.
2020-04-16 21:42:38,930 [Thread-3] INFO  org.apache.pig.backend.hadoop.executionengine.mapReduceLayer.PigGenericMapReduce$Map - Aliases being processed per job phase (AliasName[line,offset]): M: a1[1,5],a1[-1,-1],b1[2,5],d1[8,5],c1[5,5],b2[3,5],d2[9,5],c2[6,5],b3[4,5],d3[10,5],c3[7,5] C: d1[8,5],c1[5,5],d2[9,5],c2[6,5],d3[10,5],c3[7,5] R: d1[8,5],d2[9,5],d3[10,5]
2020-04-16 21:42:39,018 [Thread-3] INFO  org.apache.hadoop.mapred.MapTask - Starting flush of map output
2020-04-16 21:42:39,049 [Thread-3] INFO  org.apache.pig.backend.hadoop.executionengine.mapReduceLayer.PigCombiner$Combine - Aliases being processed per job phase (AliasName[line,offset]): M: a1[1,5],a1[-1,-1],b1[2,5],d1[8,5],c1[5,5],b2[3,5],d2[9,5],c2[6,5],b3[4,5],d3[10,5],c3[7,5] C: d1[8,5],c1[5,5],d2[9,5],c2[6,5],d3[10,5],c3[7,5] R: d1[8,5],d2[9,5],d3[10,5]
2020-04-16 21:42:39,103 [Thread-3] INFO  org.apache.hadoop.mapred.MapTask - Finished spill 0
2020-04-16 21:42:39,114 [Thread-3] INFO  org.apache.hadoop.mapred.Task - Task:attempt_local_0001_m_000000_0 is done. And is in the process of commiting
2020-04-16 21:42:41,692 [Thread-3] INFO  org.apache.hadoop.mapred.LocalJobRunner -
2020-04-16 21:42:41,692 [Thread-3] INFO  org.apache.hadoop.mapred.Task - Task 'attempt_local_0001_m_000000_0' done.
2020-04-16 21:42:41,701 [Thread-3] INFO  org.apache.hadoop.mapred.Task -  Using ResourceCalculatorPlugin : org.apache.hadoop.util.LinuxResourceCalculatorPlugin@576d4c38
2020-04-16 21:42:41,702 [Thread-3] INFO  org.apache.hadoop.mapred.LocalJobRunner -
2020-04-16 21:42:41,705 [Thread-3] INFO  org.apache.hadoop.mapred.Merger - Merging 1 sorted segments
2020-04-16 21:42:41,722 [Thread-3] INFO  org.apache.hadoop.mapred.Merger - Down to the last merge-pass, with 1 segments left of total size: 3392 bytes
2020-04-16 21:42:41,722 [Thread-3] INFO  org.apache.hadoop.mapred.LocalJobRunner -
2020-04-16 21:42:41,725 [Thread-3] INFO  org.apache.pig.impl.util.SpillableMemoryManager - Selected heap (Tenured Gen) of size 699072512 to monitor. collectionUsageThreshold = 489350752, usageThreshold = 489350752
2020-04-16 21:42:41,725 [Thread-3] WARN  org.apache.pig.data.SchemaTupleBackend - SchemaTupleBackend has already been initialized
2020-04-16 21:42:41,755 [Thread-3] INFO  org.apache.pig.backend.hadoop.executionengine.mapReduceLayer.PigMapReduce$Reduce - Aliases being processed per job phase (AliasName[line,offset]): M: a1[1,5],a1[-1,-1],b1[2,5],d1[8,5],c1[5,5],b2[3,5],d2[9,5],c2[6,5],b3[4,5],d3[10,5],c3[7,5] C: d1[8,5],c1[5,5],d2[9,5],c2[6,5],d3[10,5],c3[7,5] R: d1[8,5],d2[9,5],d3[10,5]
2020-04-16 21:42:41,801 [Thread-3] INFO  org.apache.hadoop.mapred.Task - Task:attempt_local_0001_r_000000_0 is done. And is in the process of commiting
2020-04-16 21:42:41,802 [Thread-3] INFO  org.apache.hadoop.mapred.LocalJobRunner -
2020-04-16 21:42:41,802 [Thread-3] INFO  org.apache.hadoop.mapred.Task - Task attempt_local_0001_r_000000_0 is allowed to commit now
2020-04-16 21:42:41,803 [Thread-3] INFO  org.apache.hadoop.mapreduce.lib.output.FileOutputCommitter - Saved output of task 'attempt_local_0001_r_000000_0' to file:/tmp/temp530416554/tmp810090236
2020-04-16 21:42:41,804 [Thread-3] INFO  org.apache.hadoop.mapreduce.lib.output.FileOutputCommitter - Saved output of task 'attempt_local_0001_r_000000_0' to file:/tmp/temp530416554/tmp-1659204593
2020-04-16 21:42:41,805 [Thread-3] INFO  org.apache.hadoop.mapreduce.lib.output.FileOutputCommitter - Saved output of task 'attempt_local_0001_r_000000_0' to file:/tmp/temp530416554/tmp2002900943
2020-04-16 21:42:41,843 [main] INFO  org.apache.pig.backend.hadoop.executionengine.mapReduceLayer.MapReduceLauncher - 25% complete
2020-04-16 21:42:41,844 [main] INFO  org.apache.pig.backend.hadoop.executionengine.mapReduceLayer.MapReduceLauncher - Running jobs are [job_local_0001]
2020-04-16 21:42:44,742 [communication thread] INFO  org.apache.hadoop.mapred.LocalJobRunner - reduce > reduce
2020-04-16 21:42:44,743 [Thread-3] INFO  org.apache.hadoop.mapred.LocalJobRunner - reduce > reduce
2020-04-16 21:42:44,743 [Thread-3] INFO  org.apache.hadoop.mapred.Task - Task 'attempt_local_0001_r_000000_0' done.
2020-04-16 21:42:44,845 [main] INFO  org.apache.pig.backend.hadoop.executionengine.mapReduceLayer.MapReduceLauncher - 50% complete
2020-04-16 21:42:44,852 [main] INFO  org.apache.pig.tools.pigstats.mapreduce.MRScriptState - Pig script settings are added to the job
2020-04-16 21:42:44,853 [main] INFO  org.apache.pig.backend.hadoop.executionengine.mapReduceLayer.JobControlCompiler - mapred.job.reduce.markreset.buffer.percent is not set, set to default 0.3
2020-04-16 21:42:44,853 [main] INFO  org.apache.pig.backend.hadoop.executionengine.mapReduceLayer.JobControlCompiler - Reduce phase detected, estimating # of required reducers.
2020-04-16 21:42:44,853 [main] INFO  org.apache.pig.backend.hadoop.executionengine.mapReduceLayer.JobControlCompiler - Setting Parallelism to 1
2020-04-16 21:42:44,855 [main] INFO  org.apache.pig.backend.hadoop.executionengine.mapReduceLayer.JobControlCompiler - Setting up single store job
2020-04-16 21:42:44,861 [main] INFO  org.apache.pig.backend.hadoop.executionengine.mapReduceLayer.MapReduceLauncher - 1 map-reduce job(s) waiting for submission.
2020-04-16 21:42:44,874 [JobControl] WARN  org.apache.hadoop.mapred.JobClient - No job jar file set.  User classes may not be found. See JobConf(Class) or JobConf#setJar(String).
2020-04-16 21:42:44,903 [JobControl] INFO  org.apache.hadoop.mapreduce.lib.input.FileInputFormat - Total input paths to process : 1
2020-04-16 21:42:44,903 [JobControl] INFO  org.apache.pig.backend.hadoop.executionengine.util.MapRedUtil - Total input paths to process : 1
2020-04-16 21:42:44,904 [JobControl] INFO  org.apache.pig.backend.hadoop.executionengine.util.MapRedUtil - Total input paths (combined) to process : 1
2020-04-16 21:42:44,905 [JobControl] INFO  org.apache.hadoop.mapreduce.lib.input.FileInputFormat - Total input paths to process : 1
2020-04-16 21:42:44,905 [JobControl] INFO  org.apache.pig.backend.hadoop.executionengine.util.MapRedUtil - Total input paths to process : 1
2020-04-16 21:42:44,905 [JobControl] INFO  org.apache.pig.backend.hadoop.executionengine.util.MapRedUtil - Total input paths (combined) to process : 1
2020-04-16 21:42:44,906 [JobControl] INFO  org.apache.hadoop.mapreduce.lib.input.FileInputFormat - Total input paths to process : 1
2020-04-16 21:42:44,906 [JobControl] INFO  org.apache.pig.backend.hadoop.executionengine.util.MapRedUtil - Total input paths to process : 1
2020-04-16 21:42:44,906 [JobControl] INFO  org.apache.pig.backend.hadoop.executionengine.util.MapRedUtil - Total input paths (combined) to process : 1
2020-04-16 21:42:44,959 [Thread-9] INFO  org.apache.hadoop.mapred.Task -  Using ResourceCalculatorPlugin : org.apache.hadoop.util.LinuxResourceCalculatorPlugin@2b5983e7
2020-04-16 21:42:44,961 [Thread-9] INFO  org.apache.pig.backend.hadoop.executionengine.mapReduceLayer.PigRecordReader - Current split being processed file:/tmp/temp530416554/tmp2002900943/part-r-00000:0+832
2020-04-16 21:42:44,961 [Thread-9] INFO  org.apache.hadoop.mapred.MapTask - io.sort.mb = 100
2020-04-16 21:42:45,013 [Thread-9] INFO  org.apache.hadoop.mapred.MapTask - data buffer = 79691776/99614720
2020-04-16 21:42:45,015 [Thread-9] INFO  org.apache.hadoop.mapred.MapTask - record buffer = 262144/327680
2020-04-16 21:42:45,018 [Thread-9] INFO  org.apache.pig.impl.util.SpillableMemoryManager - Selected heap (Tenured Gen) of size 699072512 to monitor. collectionUsageThreshold = 489350752, usageThreshold = 489350752
2020-04-16 21:42:45,018 [Thread-9] WARN  org.apache.pig.data.SchemaTupleBackend - SchemaTupleBackend has already been initialized
2020-04-16 21:42:45,029 [Thread-9] INFO  org.apache.pig.backend.hadoop.executionengine.mapReduceLayer.PigGenericMapReduce$Map - Aliases being processed per job phase (AliasName[line,offset]): M: Y[11,4],X[12,4],temp[13,7] C:  R: temp[14,7]
2020-04-16 21:42:45,031 [Thread-9] INFO  org.apache.hadoop.mapred.MapTask - Starting flush of map output
2020-04-16 21:42:45,033 [Thread-9] INFO  org.apache.hadoop.mapred.MapTask - Finished spill 0
2020-04-16 21:42:45,041 [Thread-9] INFO  org.apache.hadoop.mapred.Task - Task:attempt_local_0002_m_000000_0 is done. And is in the process of commiting
2020-04-16 21:42:45,372 [main] INFO  org.apache.pig.backend.hadoop.executionengine.mapReduceLayer.MapReduceLauncher - HadoopJobId: job_local_0002
2020-04-16 21:42:45,372 [main] INFO  org.apache.pig.backend.hadoop.executionengine.mapReduceLayer.MapReduceLauncher - Processing aliases X,Y,temp
2020-04-16 21:42:45,372 [main] INFO  org.apache.pig.backend.hadoop.executionengine.mapReduceLayer.MapReduceLauncher - detailed locations: M: Y[11,4],X[12,4],temp[13,7] C:  R: temp[14,7]
2020-04-16 21:42:48,001 [Thread-9] INFO  org.apache.hadoop.mapred.LocalJobRunner -
2020-04-16 21:42:48,002 [Thread-9] INFO  org.apache.hadoop.mapred.Task - Task 'attempt_local_0002_m_000000_0' done.
2020-04-16 21:42:48,005 [Thread-9] INFO  org.apache.hadoop.mapred.Task -  Using ResourceCalculatorPlugin : org.apache.hadoop.util.LinuxResourceCalculatorPlugin@5ce6386b
2020-04-16 21:42:48,007 [Thread-9] INFO  org.apache.pig.backend.hadoop.executionengine.mapReduceLayer.PigRecordReader - Current split being processed file:/tmp/temp530416554/tmp-1659204593/part-r-00000:0+815
2020-04-16 21:42:48,007 [Thread-9] INFO  org.apache.hadoop.mapred.MapTask - io.sort.mb = 100
2020-04-16 21:42:48,065 [Thread-9] INFO  org.apache.hadoop.mapred.MapTask - data buffer = 79691776/99614720
2020-04-16 21:42:48,065 [Thread-9] INFO  org.apache.hadoop.mapred.MapTask - record buffer = 262144/327680
2020-04-16 21:42:48,076 [Thread-9] INFO  org.apache.pig.impl.util.SpillableMemoryManager - Selected heap (Tenured Gen) of size 699072512 to monitor. collectionUsageThreshold = 489350752, usageThreshold = 489350752
2020-04-16 21:42:48,076 [Thread-9] WARN  org.apache.pig.data.SchemaTupleBackend - SchemaTupleBackend has already been initialized
2020-04-16 21:42:48,080 [Thread-9] INFO  org.apache.pig.backend.hadoop.executionengine.mapReduceLayer.PigGenericMapReduce$Map - Aliases being processed per job phase (AliasName[line,offset]): M: Y[11,4],X[12,4],temp[13,7] C:  R: temp[14,7]
2020-04-16 21:42:48,085 [Thread-9] INFO  org.apache.hadoop.mapred.MapTask - Starting flush of map output
2020-04-16 21:42:48,086 [Thread-9] INFO  org.apache.hadoop.mapred.MapTask - Finished spill 0
2020-04-16 21:42:48,094 [Thread-9] INFO  org.apache.hadoop.mapred.Task - Task:attempt_local_0002_m_000001_0 is done. And is in the process of commiting
2020-04-16 21:42:48,377 [main] INFO  org.apache.pig.backend.hadoop.executionengine.mapReduceLayer.MapReduceLauncher - 75% complete
2020-04-16 21:42:48,377 [main] INFO  org.apache.pig.backend.hadoop.executionengine.mapReduceLayer.MapReduceLauncher - Running jobs are [job_local_0002]
2020-04-16 21:42:51,044 [Thread-9] INFO  org.apache.hadoop.mapred.LocalJobRunner -
2020-04-16 21:42:51,045 [Thread-9] INFO  org.apache.hadoop.mapred.Task - Task 'attempt_local_0002_m_000001_0' done.
2020-04-16 21:42:51,047 [Thread-9] INFO  org.apache.hadoop.mapred.Task -  Using ResourceCalculatorPlugin : org.apache.hadoop.util.LinuxResourceCalculatorPlugin@5b45e51
2020-04-16 21:42:51,049 [Thread-9] INFO  org.apache.pig.backend.hadoop.executionengine.mapReduceLayer.PigRecordReader - Current split being processed file:/tmp/temp530416554/tmp810090236/part-r-00000:0+740
2020-04-16 21:42:51,049 [Thread-9] INFO  org.apache.hadoop.mapred.MapTask - io.sort.mb = 100
2020-04-16 21:42:51,103 [Thread-9] INFO  org.apache.hadoop.mapred.MapTask - data buffer = 79691776/99614720
2020-04-16 21:42:51,103 [Thread-9] INFO  org.apache.hadoop.mapred.MapTask - record buffer = 262144/327680
2020-04-16 21:42:51,105 [Thread-9] INFO  org.apache.pig.impl.util.SpillableMemoryManager - Selected heap (Tenured Gen) of size 699072512 to monitor. collectionUsageThreshold = 489350752, usageThreshold = 489350752
2020-04-16 21:42:51,105 [Thread-9] WARN  org.apache.pig.data.SchemaTupleBackend - SchemaTupleBackend has already been initialized
2020-04-16 21:42:51,109 [Thread-9] INFO  org.apache.pig.backend.hadoop.executionengine.mapReduceLayer.PigGenericMapReduce$Map - Aliases being processed per job phase (AliasName[line,offset]): M: Y[11,4],X[12,4],temp[13,7] C:  R: temp[14,7]
2020-04-16 21:42:51,111 [Thread-9] INFO  org.apache.hadoop.mapred.MapTask - Starting flush of map output
2020-04-16 21:42:51,111 [Thread-9] INFO  org.apache.hadoop.mapred.MapTask - Finished spill 0
2020-04-16 21:42:51,128 [Thread-9] INFO  org.apache.hadoop.mapred.Task - Task:attempt_local_0002_m_000002_0 is done. And is in the process of commiting
2020-04-16 21:42:54,090 [Thread-9] INFO  org.apache.hadoop.mapred.LocalJobRunner -
2020-04-16 21:42:54,090 [Thread-9] INFO  org.apache.hadoop.mapred.Task - Task 'attempt_local_0002_m_000002_0' done.
2020-04-16 21:42:54,097 [Thread-9] INFO  org.apache.hadoop.mapred.Task -  Using ResourceCalculatorPlugin : org.apache.hadoop.util.LinuxResourceCalculatorPlugin@67fa6b32
2020-04-16 21:42:54,097 [Thread-9] INFO  org.apache.hadoop.mapred.LocalJobRunner -
2020-04-16 21:42:54,098 [Thread-9] INFO  org.apache.hadoop.mapred.Merger - Merging 3 sorted segments
2020-04-16 21:42:54,098 [Thread-9] INFO  org.apache.hadoop.mapred.Merger - Down to the last merge-pass, with 3 segments left of total size: 4199 bytes
2020-04-16 21:42:54,098 [Thread-9] INFO  org.apache.hadoop.mapred.LocalJobRunner -
2020-04-16 21:42:54,109 [Thread-9] INFO  org.apache.pig.impl.util.SpillableMemoryManager - Selected heap (Tenured Gen) of size 699072512 to monitor. collectionUsageThreshold = 489350752, usageThreshold = 489350752
2020-04-16 21:42:54,109 [Thread-9] WARN  org.apache.pig.data.SchemaTupleBackend - SchemaTupleBackend has already been initialized
2020-04-16 21:42:54,120 [Thread-9] INFO  org.apache.pig.backend.hadoop.executionengine.mapReduceLayer.PigMapReduce$Reduce - Aliases being processed per job phase (AliasName[line,offset]): M: Y[11,4],X[12,4],temp[13,7] C:  R: temp[14,7]
2020-04-16 21:42:54,147 [Thread-9] INFO  org.apache.hadoop.mapred.Task - Task:attempt_local_0002_r_000000_0 is done. And is in the process of commiting
2020-04-16 21:42:54,148 [Thread-9] INFO  org.apache.hadoop.mapred.LocalJobRunner -
2020-04-16 21:42:54,148 [Thread-9] INFO  org.apache.hadoop.mapred.Task - Task attempt_local_0002_r_000000_0 is allowed to commit now
2020-04-16 21:42:54,153 [Thread-9] INFO  org.apache.hadoop.mapreduce.lib.output.FileOutputCommitter - Saved output of task 'attempt_local_0002_r_000000_0' to file:/home/sxv5264/project6/O
2020-04-16 21:42:57,103 [Thread-9] INFO  org.apache.hadoop.mapred.LocalJobRunner - reduce > reduce
2020-04-16 21:42:57,103 [Thread-9] INFO  org.apache.hadoop.mapred.Task - Task 'attempt_local_0002_r_000000_0' done.
2020-04-16 21:42:57,382 [main] INFO  org.apache.pig.backend.hadoop.executionengine.mapReduceLayer.MapReduceLauncher - 100% complete
2020-04-16 21:42:57,384 [main] INFO  org.apache.pig.tools.pigstats.mapreduce.SimplePigStats - Script Statistics:

HadoopVersion   PigVersion      UserId  StartedAt       FinishedAt      Features
1.0.4   0.16.0  sxv5264 2020-04-16 21:42:38     2020-04-16 21:42:57     GROUP_BY,UNION

Success!

Job Stats (time in seconds):
JobId   Maps    Reduces MaxMapTime      MinMapTime      AvgMapTime      MedianMapTime   MaxReduceTime   MinReduceTime  AvgReduceTime                                   MedianReducetime Alias   Feature Outputs
job_local_0001  1       1       n/a     n/a     n/a     n/a     n/a     n/a     n/a     n/a     a1,b1,b2,b3,c1,c2,c3,d1,d2,d3                                          MULTI_QUERY,COMBINER
job_local_0002  1       1       n/a     n/a     n/a     n/a     n/a     n/a     n/a     n/a     X,Y,temp        GROUP_BY                                               file:///home/sxv5264/project6/O,

Input(s):
Successfully read 100 records from: "file:///home/sxv5264/project6/pixels-small.txt"

Output(s):
Successfully stored 258 records in: "file:///home/sxv5264/project6/O"

Counters:
Total records written : 258
Total bytes written : 0
Spillable Memory Manager spill count : 0
Total bags proactively spilled: 0
Total records proactively spilled: 0

Job DAG:
job_local_0001  ->      job_local_0002,
job_local_0002


2020-04-16 21:42:57,387 [main] INFO  org.apache.pig.backend.hadoop.executionengine.mapReduceLayer.MapReduceLauncher - Success!
2020-04-16 21:42:57,413 [main] INFO  org.apache.pig.Main - Pig script completed in 21 seconds and 126 milliseconds (21126 ms)